Mplus VERSION 8.1
MUTHEN & MUTHEN
04/11/2022   9:56 PM

INPUT INSTRUCTIONS

  Title:
    BRFSS Cognitive Decline Latent Class Analysis 3-Step Method: Step 1
   ! Using imputed subset data of only those who completed the module.

  Data:
    File is 'C:\Users\tuk04132\OneDrive - Temple University\Documents\
    LCA BRFSS\SAS\BRFSS_CogDec_impute.csv' ;
    Format is FREE;
  DEFINE:
  psu3 = ststr+(psu*.00000001);
  Variable:
    names = STATE PSU GENHLTH SEX MARITAL EMPLOY1 SMOKE100 CIMEMLOS CDHOUSE
  CDASSIST CDHELP CDSOCIAL CDDISCUS STSTR finalwt RACE RACEG21 AGEG BMI5CAT
  EDUCAG INCOMG DRNKANY5 year version stratapsu psu_2 ststr_2 AGEG_rec
  age55_64_bin age65_bin RACEG21_rec black aian asian nhpi other multi
  hisp nohs hsgrad SomeColl INCOMG_4cat inc15 inc1525 inc2550 EMPLOY1_3cat
  EMP_empl EMP_unempl GENHLTH_bin;
    usevariables = ststr finalwt CDHOUSE CDASSIST CDHELP
    CDSOCIAL CDDISCUS psu3;
    categorical  = CDHOUSE CDASSIST CDHELP CDSOCIAL CDDISCUS;
    auxiliary = SEX age55_64_bin age65_bin black aian asian nhpi
    other multi hisp nohs hsgrad SomeColl inc15 inc1525 inc2550 EMP_empl
    EMP_unempl GENHLTH_bin DRNKANY5 SMOKE100;
    strat = ststr;
    cluster = psu3;
    weight = finalwt;
    missing = ALL(99);
    classes = c(2);
  Analysis: !Best Loglikelihood: 1 class = -311610.968, 2 class = -262390.381;
    Type = complex mixture;
    STARTS = 0;
    OPTSEED = 783110;
    PROCESSORS = 4(STARTS);
    LRTSTARTS = 0 0 100 20;

  !Savedata:
  !  file is brfss_cogdec_impute_step1_c2_save_04112022.txt ;
  !  save is cprob;
  !  format is free;
  output:
    tech14;



*** WARNING in OUTPUT command
  TECH14 option is not available for TYPE=MIXTURE COMPLEX.
  Request for TECH14 is ignored.
*** WARNING
  Data set contains cases with missing on all variables.
  These cases were not included in the analysis.
  Number of cases with missing on all variables:  126
   2 WARNING(S) FOUND IN THE INPUT INSTRUCTIONS




BRFSS Cognitive Decline Latent Class Analysis 3-Step Method: Step 1

SUMMARY OF ANALYSIS

Number of groups                                                 1
Number of observations                                       54645

Number of dependent variables                                    5
Number of independent variables                                  0
Number of continuous latent variables                            0
Number of categorical latent variables                           1

Observed dependent variables

  Binary and ordered categorical (ordinal)
   CDHOUSE     CDASSIST    CDHELP      CDSOCIAL    CDDISCUS

Observed auxiliary variables
   SEX         AGE55_64_B  AGE65_BIN   BLACK       AIAN        ASIAN
   NHPI        OTHER       MULTI       HISP        NOHS        HSGRAD
   SOMECOLL    INC15       INC1525     INC2550     EMP_EMPL    EMP_UNEMPL
   GENHLTH_BI  DRNKANY5    SMOKE100

Categorical latent variables
   C

Variables with special functions

  Stratification        STSTR
  Cluster variable      PSU3
  Weight variable       FINALWT

Estimator                                                      MLR
Information matrix                                        OBSERVED
Optimization Specifications for the Quasi-Newton Algorithm for
Continuous Outcomes
  Maximum number of iterations                                 100
  Convergence criterion                                  0.100D-05
Optimization Specifications for the EM Algorithm
  Maximum number of iterations                                 500
  Convergence criteria
    Loglikelihood change                                 0.100D-06
    Relative loglikelihood change                        0.100D-06
    Derivative                                           0.100D-05
Optimization Specifications for the M step of the EM Algorithm for
Categorical Latent variables
  Number of M step iterations                                    1
  M step convergence criterion                           0.100D-05
  Basis for M step termination                           ITERATION
Optimization Specifications for the M step of the EM Algorithm for
Censored, Binary or Ordered Categorical (Ordinal), Unordered
Categorical (Nominal) and Count Outcomes
  Number of M step iterations                                    1
  M step convergence criterion                           0.100D-05
  Basis for M step termination                           ITERATION
  Maximum value for logit thresholds                            15
  Minimum value for logit thresholds                           -15
  Minimum expected cell size for chi-square              0.100D-01
Maximum number of iterations for H1                           2000
Convergence criterion for H1                             0.100D-03
Optimization algorithm                                         EMA
Random Starts Specifications
  Random seed for analysis                                  783110
Link                                                         LOGIT

Input data file(s)
  C:\Users\tuk04132\OneDrive - Temple University\Documents\LCA BRFSS\SAS\BRFSS_C
Input data format  FREE


SUMMARY OF DATA

     Number of missing data patterns            23
     Number of y missing data patterns           0
     Number of u missing data patterns          23
     Number of strata                    1730
     Number of clusters                  1730


COVARIANCE COVERAGE OF DATA

Minimum covariance coverage value   0.100


     PROPORTION OF DATA PRESENT FOR U


           Covariance Coverage
              CDHOUSE       CDASSIST      CDHELP        CDSOCIAL      CDDISCUS
              ________      ________      ________      ________      ________
 CDHOUSE        0.984
 CDASSIST       0.976         0.990
 CDHELP         0.974         0.988         0.988
 CDSOCIAL       0.969         0.976         0.974         0.982
 CDDISCUS       0.973         0.981         0.979         0.975         0.989


UNIVARIATE PROPORTIONS AND COUNTS FOR CATEGORICAL VARIABLES

    CDHOUSE
      Category 1    0.076         4109.150
      Category 2    0.065         3467.371
      Category 3    0.263        14151.854
      Category 4    0.144         7731.707
      Category 5    0.452        24269.711
    CDASSIST
      Category 1    0.068         3679.617
      Category 2    0.052         2829.851
      Category 3    0.229        12389.508
      Category 4    0.159         8580.919
      Category 5    0.491        26538.384
    CDHELP
      Category 1    0.134         7225.954
      Category 2    0.070         3758.180
      Category 3    0.093         4996.667
      Category 4    0.029         1586.796
      Category 5    0.674        36314.934
    CDSOCIAL
      Category 1    0.099         5298.136
      Category 2    0.062         3311.634
      Category 3    0.196        10538.719
      Category 4    0.168         9028.183
      Category 5    0.475        25487.374
    CDDISCUS
      Category 1    0.457        24669.147
      Category 2    0.543        29318.425


     IN THE OPTIMIZATION, ONE OR MORE LOGIT THRESHOLDS APPROACHED AND WERE SET
     AT THE EXTREME VALUES.  EXTREME VALUES ARE -15.000 AND 15.000.
     THE FOLLOWING THRESHOLDS WERE SET AT THESE VALUES:
     * THRESHOLD 1 OF CLASS INDICATOR CDHELP FOR CLASS 1 AT ITERATION 7
     * THRESHOLD 2 OF CLASS INDICATOR CDHELP FOR CLASS 1 AT ITERATION 7
     * THRESHOLD 3 OF CLASS INDICATOR CDHELP FOR CLASS 1 AT ITERATION 7
     * THRESHOLD 4 OF CLASS INDICATOR CDHELP FOR CLASS 1 AT ITERATION 7
     * THRESHOLD 1 OF CLASS INDICATOR CDASSIST FOR CLASS 2 AT ITERATION 9
     * THRESHOLD 2 OF CLASS INDICATOR CDASSIST FOR CLASS 2 AT ITERATION 9
     * THRESHOLD 3 OF CLASS INDICATOR CDASSIST FOR CLASS 2 AT ITERATION 9
     * THRESHOLD 4 OF CLASS INDICATOR CDASSIST FOR CLASS 2 AT ITERATION 9



     WARNING:  THE VARIANCE CONTRIBUTION FROM A STRATUM WITH A SINGLE CLUSTER
     (PSU) IS BASED ON THE DIFFERENCE BETWEEN THE SINGLE CLUSTER VALUE AND
     THE OVERALL CLUSTER MEAN.




THE MODEL ESTIMATION TERMINATED NORMALLY



MODEL FIT INFORMATION

Number of Free Parameters                       35

Loglikelihood

          H0 Value                     -262390.381
          H0 Scaling Correction Factor      6.0161
            for MLR

Information Criteria

          Akaike (AIC)                  524850.763
          Bayesian (BIC)                525162.564
          Sample-Size Adjusted BIC      525051.334
            (n* = (n + 2) / 24)

Chi-Square Test of Model Fit for the Binary and Ordered Categorical
(Ordinal) Outcomes**

          Pearson Chi-Square

          Value                           3438.876
          Degrees of Freedom                  1213
          P-Value                           0.0000

          Likelihood Ratio Chi-Square

          Value                            843.073
          Degrees of Freedom                  1213
          P-Value                           1.0000

** Of the 3347 cells in the latent class indicator table, 1
   were deleted in the calculation of chi-square due to extreme values.

Chi-Square Test for MCAR under the Unrestricted Latent Class Indicator Model

          Pearson Chi-Square

          Value                           1902.398
          Degrees of Freedom                  2075
          P-Value                           0.9970

          Likelihood Ratio Chi-Square

          Value                           1497.035
          Degrees of Freedom                  2075
          P-Value                           1.0000



FINAL CLASS COUNTS AND PROPORTIONS FOR THE LATENT CLASSES
BASED ON THE ESTIMATED MODEL

    Latent
   Classes

       1      35613.92159          0.65173
       2      19031.07841          0.34827


FINAL CLASS COUNTS AND PROPORTIONS FOR THE LATENT CLASSES
BASED ON ESTIMATED POSTERIOR PROBABILITIES

    Latent
   Classes

       1      35613.92135          0.65173
       2      19031.07865          0.34827


FINAL CLASS COUNTS AND PROPORTIONS FOR THE LATENT CLASSES
BASED ON THEIR MOST LIKELY LATENT CLASS MEMBERSHIP

Class Counts and Proportions

    Latent
   Classes

       1            35603          0.65153
       2            19042          0.34847


CLASSIFICATION QUALITY

     Entropy                         0.986


Average Latent Class Probabilities for Most Likely Latent Class Membership (Row)
by Latent Class (Column)

           1        2

    1   0.997    0.003
    2   0.006    0.994


Classification Probabilities for the Most Likely Latent Class Membership (Column)
by Latent Class (Row)

           1        2

    1   0.997    0.003
    2   0.005    0.995


Logits for the Classification Probabilities for the Most Likely Latent Class Membership (Column)
by Latent Class (Row)

              1        2

    1      5.747    0.000
    2     -5.220    0.000


MODEL RESULTS

                                                    Two-Tailed
                    Estimate       S.E.  Est./S.E.    P-Value

Latent Class 1

 Thresholds
    CDHOUSE$1         -3.718      0.088    -42.251      0.000
    CDHOUSE$2         -3.027      0.059    -51.038      0.000
    CDHOUSE$3         -1.362      0.041    -33.196      0.000
    CDHOUSE$4         -0.491      0.035    -14.080      0.000
    CDASSIST$1        -7.708      0.646    -11.939      0.000
    CDASSIST$2        -7.034      0.472    -14.893      0.000
    CDASSIST$3        -5.483      0.272    -20.194      0.000
    CDASSIST$4        -1.112      0.033    -33.853      0.000
    CDHELP$1         -15.000      0.000    999.000    999.000
    CDHELP$2         -15.000      0.000    999.000    999.000
    CDHELP$3         -15.000      0.000    999.000    999.000
    CDHELP$4         -15.000      0.000    999.000    999.000
    CDSOCIAL$1        -3.600      0.076    -47.310      0.000
    CDSOCIAL$2        -3.010      0.060    -50.450      0.000
    CDSOCIAL$3        -1.617      0.044    -36.753      0.000
    CDSOCIAL$4        -0.587      0.035    -16.868      0.000
    CDDISCUS$1        -0.525      0.027    -19.154      0.000

Latent Class 2

 Thresholds
    CDHOUSE$1         -1.543      0.052    -29.769      0.000
    CDHOUSE$2         -0.754      0.038    -19.865      0.000
    CDHOUSE$3          1.284      0.052     24.721      0.000
    CDHOUSE$4          1.873      0.068     27.460      0.000
    CDASSIST$1        -1.415      0.045    -31.537      0.000
    CDASSIST$2        -0.639      0.040    -16.065      0.000
    CDASSIST$3        15.000      0.000    999.000    999.000
    CDASSIST$4        15.000      0.000    999.000    999.000
    CDHELP$1          -0.455      0.050     -9.091      0.000
    CDHELP$2           0.364      0.045      8.138      0.000
    CDHELP$3           1.801      0.054     33.105      0.000
    CDHELP$4           2.816      0.085     32.933      0.000
    CDSOCIAL$1        -1.178      0.044    -26.992      0.000
    CDSOCIAL$2        -0.509      0.039    -13.100      0.000
    CDSOCIAL$3         0.940      0.053     17.767      0.000
    CDSOCIAL$4         1.681      0.055     30.498      0.000
    CDDISCUS$1         0.482      0.046     10.446      0.000

Categorical Latent Variables

 Means
    C#1                0.627      0.025     25.140      0.000


RESULTS IN PROBABILITY SCALE

Latent Class 1

 CDHOUSE
    Category 1         0.024      0.002     11.639      0.000
    Category 2         0.023      0.002     13.704      0.000
    Category 3         0.158      0.006     27.141      0.000
    Category 4         0.176      0.006     30.667      0.000
    Category 5         0.620      0.008     75.528      0.000
 CDASSIST
    Category 1         0.000      0.000      1.550      0.121
    Category 2         0.000      0.000      1.469      0.142
    Category 3         0.003      0.001      3.167      0.002
    Category 4         0.243      0.006     42.650      0.000
    Category 5         0.753      0.006    123.000      0.000
 CDHELP
    Category 1         0.000      0.000      0.000      1.000
    Category 2         0.000      0.000      0.000      1.000
    Category 3         0.000      0.000      0.000      1.000
    Category 4         0.000      0.000      0.000      1.000
    Category 5         1.000      0.000      0.000      1.000
 CDSOCIAL
    Category 1         0.027      0.002     13.502      0.000
    Category 2         0.020      0.002      9.564      0.000
    Category 3         0.119      0.005     22.877      0.000
    Category 4         0.192      0.005     36.222      0.000
    Category 5         0.643      0.008     80.412      0.000
 CDDISCUS
    Category 1         0.372      0.006     58.021      0.000
    Category 2         0.628      0.006     98.117      0.000

Latent Class 2

 CDHOUSE
    Category 1         0.176      0.008     23.422      0.000
    Category 2         0.144      0.006     24.953      0.000
    Category 3         0.463      0.010     44.117      0.000
    Category 4         0.084      0.006     12.940      0.000
    Category 5         0.133      0.008     16.918      0.000
 CDASSIST
    Category 1         0.195      0.007     27.690      0.000
    Category 2         0.150      0.007     21.786      0.000
    Category 3         0.655      0.009     72.767      0.000
    Category 4         0.000      0.000      0.000      1.000
    Category 5         0.000      0.000      0.000      1.000
 CDHELP
    Category 1         0.388      0.012     32.629      0.000
    Category 2         0.202      0.007     27.292      0.000
    Category 3         0.268      0.009     28.412      0.000
    Category 4         0.085      0.005     18.607      0.000
    Category 5         0.056      0.005     12.396      0.000
 CDSOCIAL
    Category 1         0.235      0.008     29.973      0.000
    Category 2         0.140      0.007     19.500      0.000
    Category 3         0.344      0.009     36.181      0.000
    Category 4         0.124      0.008     16.014      0.000
    Category 5         0.157      0.007     21.521      0.000
 CDDISCUS
    Category 1         0.618      0.011     56.756      0.000
    Category 2         0.382      0.011     35.045      0.000


LATENT CLASS ODDS RATIO RESULTS

                                         (Est. - 1) Two-Tailed
                    Estimate       S.E.     / S.E.    P-Value

Latent Class 1 Compared to Latent Class 2

 CDHOUSE
    Category > 1       8.807      0.959      8.144      0.000
    Category > 2       9.717      0.730     11.935      0.000
    Category > 3      14.101      0.766     17.102      0.000
    Category > 4      10.630      0.668     14.426      0.000
 CDASSIST
    Category > 1     540.575    352.273      1.532      0.126
    Category > 2     598.607    283.203      2.110      0.035
    Category > 3   *********      0.000    999.000    999.000
    Category > 4   *********      0.000    999.000    999.000
 CDHELP
    Category > 1   *********      0.000    999.000    999.000
    Category > 2   *********      0.000    999.000    999.000
    Category > 3   *********      0.000    999.000    999.000
    Category > 4   *********      0.000    999.000    999.000
 CDSOCIAL
    Category > 1      11.268      1.060      9.683      0.000
    Category > 2      12.195      0.838     13.359      0.000
    Category > 3      12.895      0.825     14.424      0.000
    Category > 4       9.661      0.471     18.390      0.000
 CDDISCUS
    Category > 1       2.739      0.146     11.939      0.000


QUALITY OF NUMERICAL RESULTS

     Condition Number for the Information Matrix              0.489E-04
       (ratio of smallest to largest eigenvalue)


DIAGRAM INFORMATION

  Mplus diagrams are currently not available for Mixture analysis.
  No diagram output was produced.


     Beginning Time:  21:56:17
        Ending Time:  21:56:22
       Elapsed Time:  00:00:05



MUTHEN & MUTHEN
3463 Stoner Ave.
Los Angeles, CA  90066

Tel: (310) 391-9971
Fax: (310) 391-8971
Web: www.StatModel.com
Support: Support@StatModel.com

Copyright (c) 1998-2018 Muthen & Muthen
