Mplus VERSION 8.1
MUTHEN & MUTHEN
04/14/2022   9:49 AM

INPUT INSTRUCTIONS

  Title:
    BRFSS Cognitive Decline Multinomial Logistic Regression
   ! Using imputed subset data of only those who completed the module.

  Data:
    File is 'C:\Users\tuk04132\OneDrive - Temple University\Documents\
    LCA BRFSS\brfss_cogdec_impute_step1_c3_save_04142022_race4.txt' ;
    Format is FREE;
  Define:
      if (c eq 1) then dep = 3;
      if (c eq 2) then dep = 2;
      if (c eq 3) then dep = 1;
  Variable:
        names = CDHOUSE CDASSIST CDHELP CDSOCIAL CDDISCUS SEX AGE55_64
  age65_bi black4 other4 hisp4 nohs hsgrad SomeColl INC15 INC1525 INC2550
  EMP_empl EMP_unem GENHLTH_ DRNKANY5 SMOKE100 CPROB1 CPROB2 CPROB3 C
  FINALWT ststr psu3;
        usevariables = ststr psu3 finalwt SEX AGE55_64
        age65_bi black4 other4 hisp4 nohs hsgrad
        SomeColl INC15 INC1525 INC2550 EMP_empl EMP_unem GENHLTH_
        DRNKANY5 SMOKE100 dep;
        nominal = dep;
        strat = ststr;
        cluster = psu3;
        weight = finalwt;
        missing = *;
    Analysis:
        Estimator = MLR;
        Type = complex;
        integration = montecarlo (5);
    Model:
        dep ON SEX AGE55_64 age65_bi black4 other4 hisp4 nohs hsgrad
        SomeColl INC15 INC1525 INC2550 EMP_empl EMP_unem GENHLTH_
        DRNKANY5 SMOKE100;
        SEX AGE55_64 age65_bi black4 other4 hisp4 nohs hsgrad
        SomeColl INC15 INC1525 INC2550 EMP_empl EMP_unem GENHLTH_
        DRNKANY5 SMOKE100;
  !  Savedata:
  !      file is brfss_cogdec_impute_step3_c2_save.txt;
  !      save is cprob;
  !      format is free;
    output:
        tech10;



*** WARNING in OUTPUT command
  TECH10 option is only available with categorical or count outcomes.
  Request for TECH10 is ignored.
   1 WARNING(S) FOUND IN THE INPUT INSTRUCTIONS




BRFSS Cognitive Decline Multinomial Logistic Regression

SUMMARY OF ANALYSIS

Number of groups                                                 1
Number of observations                                       54645

Number of dependent variables                                    1
Number of independent variables                                 17
Number of continuous latent variables                            0

Observed dependent variables

  Unordered categorical (nominal)
   DEP

Observed independent variables
   SEX         AGE55_64    AGE65_BI    BLACK4      OTHER4      HISP4
   NOHS        HSGRAD      SOMECOLL    INC15       INC1525     INC2550
   EMP_EMPL    EMP_UNEM    GENHLTH_    DRNKANY5    SMOKE100

Variables with special functions

  Stratification        STSTR
  Cluster variable      PSU3
  Weight variable       FINALWT

Estimator                                                      MLR
Information matrix                                        OBSERVED
Optimization Specifications for the Quasi-Newton Algorithm for
Continuous Outcomes
  Maximum number of iterations                                 100
  Convergence criterion                                  0.100D-05
Optimization Specifications for the EM Algorithm
  Maximum number of iterations                                 500
  Convergence criteria
    Loglikelihood change                                 0.100D-02
    Relative loglikelihood change                        0.100D-05
    Derivative                                           0.100D-02
Optimization Specifications for the M step of the EM Algorithm for
Categorical Latent variables
  Number of M step iterations                                    1
  M step convergence criterion                           0.100D-02
  Basis for M step termination                           ITERATION
Optimization Specifications for the M step of the EM Algorithm for
Censored, Binary or Ordered Categorical (Ordinal), Unordered
Categorical (Nominal) and Count Outcomes
  Number of M step iterations                                    1
  M step convergence criterion                           0.100D-02
  Basis for M step termination                           ITERATION
  Maximum value for logit thresholds                            15
  Minimum value for logit thresholds                           -15
  Minimum expected cell size for chi-square              0.100D-01
Maximum number of iterations for H1                           2000
Convergence criterion for H1                             0.100D-03
Optimization algorithm                                         EMA
Integration Specifications
  Type                                                  MONTECARLO
  Number of integration points                                   5
  Dimensions of numerical integration                           15
  Adaptive quadrature                                           ON
  Monte Carlo integration seed                                   0
Cholesky                                                       OFF

Input data file(s)
  C:\Users\tuk04132\OneDrive - Temple University\Documents\LCA BRFSS\brfss_cogde
Input data format  FREE


SUMMARY OF DATA

     Number of missing data patterns            68
     Number of strata                    1730
     Number of clusters                  1730


COVARIANCE COVERAGE OF DATA

Minimum covariance coverage value   0.100


     PROPORTION OF DATA PRESENT FOR Y


           Covariance Coverage
              SEX           AGE55_64      AGE65_BI      BLACK4        OTHER4
              ________      ________      ________      ________      ________
 SEX            1.000
 AGE55_64       1.000         1.000
 AGE65_BI       1.000         1.000         1.000
 BLACK4         0.980         0.981         0.981         0.981
 OTHER4         0.980         0.981         0.981         0.981         0.981
 HISP4          0.980         0.981         0.981         0.981         0.981
 NOHS           0.997         0.997         0.997         0.978         0.978
 HSGRAD         0.997         0.997         0.997         0.978         0.978
 SOMECOLL       0.997         0.997         0.997         0.978         0.978
 INC15          0.832         0.832         0.832         0.819         0.819
 INC1525        0.832         0.832         0.832         0.819         0.819
 INC2550        0.832         0.832         0.832         0.819         0.819
 EMP_EMPL       0.743         0.743         0.743         0.730         0.730
 EMP_UNEM       0.743         0.743         0.743         0.730         0.730
 GENHLTH_       0.995         0.995         0.995         0.976         0.976
 DRNKANY5       0.989         0.989         0.989         0.970         0.970
 SMOKE100       0.994         0.994         0.994         0.975         0.975


           Covariance Coverage
              HISP4         NOHS          HSGRAD        SOMECOLL      INC15
              ________      ________      ________      ________      ________
 HISP4          0.981
 NOHS           0.978         0.997
 HSGRAD         0.978         0.997         0.997
 SOMECOLL       0.978         0.997         0.997         0.997
 INC15          0.819         0.830         0.830         0.830         0.832
 INC1525        0.819         0.830         0.830         0.830         0.832
 INC2550        0.819         0.830         0.830         0.830         0.832
 EMP_EMPL       0.730         0.741         0.741         0.741         0.621
 EMP_UNEM       0.730         0.741         0.741         0.741         0.621
 GENHLTH_       0.976         0.992         0.992         0.992         0.829
 DRNKANY5       0.970         0.986         0.986         0.986         0.825
 SMOKE100       0.975         0.992         0.992         0.992         0.829


           Covariance Coverage
              INC1525       INC2550       EMP_EMPL      EMP_UNEM      GENHLTH_
              ________      ________      ________      ________      ________
 INC1525        0.832
 INC2550        0.832         0.832
 EMP_EMPL       0.621         0.621         0.743
 EMP_UNEM       0.621         0.621         0.743         0.743
 GENHLTH_       0.829         0.829         0.740         0.740         0.995
 DRNKANY5       0.825         0.825         0.736         0.736         0.985
 SMOKE100       0.829         0.829         0.739         0.739         0.990


           Covariance Coverage
              DRNKANY5      SMOKE100
              ________      ________
 DRNKANY5       0.989
 SMOKE100       0.984         0.994


UNIVARIATE PROPORTIONS AND COUNTS FOR CATEGORICAL VARIABLES

    DEP
      Category 1    0.350        19126.557
      Category 2    0.200        10914.962
      Category 3    0.450        24603.527



UNIVARIATE SAMPLE STATISTICS


     UNIVARIATE HIGHER-ORDER MOMENT DESCRIPTIVE STATISTICS

         Variable/         Mean/     Skewness/   Minimum/ % with                Percentiles
        Sample Size      Variance    Kurtosis    Maximum  Min/Max      20%/60%    40%/80%    Median

     SEX                   0.462       0.154       0.000   56.78%       0.000      0.000      0.000
           54637.000       0.249      -1.976       1.000   43.22%       1.000      1.000
     AGE55_64              0.307       0.835       0.000   71.79%       0.000      0.000      0.000
           54645.000       0.213      -1.303       1.000   28.21%       0.000      1.000
     AGE65_BI              0.412       0.356       0.000   47.47%       0.000      0.000      1.000
           54645.000       0.242      -1.873       1.000   52.53%       1.000      1.000
     BLACK4                0.124       2.275       0.000   91.57%       0.000      0.000      0.000
           53581.000       0.109       3.177       1.000    8.43%       0.000      0.000
     OTHER4                0.061       3.653       0.000   93.58%       0.000      0.000      0.000
           53581.000       0.058      11.343       1.000    6.42%       0.000      0.000
     HISP4                 0.116       2.396       0.000   94.29%       0.000      0.000      0.000
           53581.000       0.103       3.741       1.000    5.71%       0.000      0.000
     NOHS                  0.221       1.342       0.000   87.63%       0.000      0.000      0.000
           54481.000       0.172      -0.198       1.000   12.37%       0.000      0.000
     HSGRAD                0.297       0.888       0.000   69.09%       0.000      0.000      0.000
           54481.000       0.209      -1.211       1.000   30.91%       0.000      1.000
     SOMECOLL              0.297       0.888       0.000   71.21%       0.000      0.000      0.000
           54481.000       0.209      -1.212       1.000   28.79%       0.000      1.000
     INC15                 0.212       1.413       0.000   80.30%       0.000      0.000      0.000
           45461.000       0.167      -0.005       1.000   19.70%       0.000      0.000
     INC1525               0.235       1.249       0.000   75.85%       0.000      0.000      0.000
           45461.000       0.180      -0.439       1.000   24.15%       0.000      1.000
     INC2550               0.249       1.161       0.000   73.91%       0.000      0.000      0.000
           45461.000       0.187      -0.651       1.000   26.09%       0.000      1.000
     EMP_EMPL              0.344       0.655       0.000   71.04%       0.000      0.000      0.000
           40616.000       0.226      -1.570       1.000   28.96%       0.000      1.000
     EMP_UNEM              0.156       1.897       0.000   87.82%       0.000      0.000      0.000
           40616.000       0.132       1.600       1.000   12.18%       0.000      0.000
     GENHLTH_              0.479       0.084       0.000   49.37%       0.000      0.000      1.000
           54384.000       0.250      -1.993       1.000   50.63%       1.000      1.000
     DRNKANY5              0.397       0.420       0.000   60.85%       0.000      0.000      0.000
           54066.000       0.239      -1.823       1.000   39.15%       0.000      1.000
     SMOKE100              0.587      -0.353       0.000   42.56%       0.000      0.000      1.000
           54333.000       0.242      -1.875       1.000   57.44%       1.000      1.000


     WARNING:  THE VARIANCE CONTRIBUTION FROM A STRATUM WITH A SINGLE CLUSTER
     (PSU) IS BASED ON THE DIFFERENCE BETWEEN THE SINGLE CLUSTER VALUE AND
     THE OVERALL CLUSTER MEAN.


THE MODEL ESTIMATION TERMINATED NORMALLY



MODEL FIT INFORMATION

Number of Free Parameters                      206

Loglikelihood

          H0 Value                     -454972.386
          H0 Scaling Correction Factor      8.7661
            for MLR

Information Criteria

          Akaike (AIC)                  910356.772
          Bayesian (BIC)                912191.946
          Sample-Size Adjusted BIC      911537.274
            (n* = (n + 2) / 24)



MODEL RESULTS

                                                    Two-Tailed
                    Estimate       S.E.  Est./S.E.    P-Value

 DEP#1      ON
    SEX               -0.189      0.065     -2.893      0.004
    AGE55_64          -0.428      0.092     -4.646      0.000
    AGE65_BI          -1.195      0.097    -12.381      0.000
    BLACK4             0.581      0.084      6.937      0.000
    OTHER4             0.353      0.135      2.614      0.009
    HISP4              0.532      0.098      5.422      0.000
    NOHS               0.533      0.089      5.979      0.000
    HSGRAD             0.233      0.084      2.768      0.006
    SOMECOLL           0.253      0.083      3.056      0.002
    INC15              1.111      0.109     10.155      0.000
    INC1525            0.774      0.084      9.203      0.000
    INC2550            0.425      0.098      4.333      0.000
    EMP_EMPL          -0.773      0.107     -7.214      0.000
    EMP_UNEM          -0.101      0.098     -1.028      0.304
    GENHLTH_          -1.186      0.054    -21.796      0.000
    DRNKANY5          -0.534      0.057     -9.396      0.000
    SMOKE100           0.067      0.052      1.278      0.201

 DEP#2      ON
    SEX                0.039      0.072      0.541      0.588
    AGE55_64          -0.260      0.087     -2.992      0.003
    AGE65_BI          -0.784      0.104     -7.550      0.000
    BLACK4             0.023      0.106      0.217      0.829
    OTHER4             0.214      0.161      1.333      0.183
    HISP4              0.236      0.123      1.919      0.055
    NOHS               0.058      0.109      0.535      0.592
    HSGRAD             0.008      0.093      0.084      0.933
    SOMECOLL           0.126      0.086      1.467      0.142
    INC15              0.781      0.110      7.123      0.000
    INC1525            0.702      0.093      7.542      0.000
    INC2550            0.489      0.077      6.327      0.000
    EMP_EMPL          -0.291      0.091     -3.190      0.001
    EMP_UNEM           0.199      0.111      1.789      0.074
    GENHLTH_          -0.723      0.054    -13.442      0.000
    DRNKANY5          -0.162      0.067     -2.409      0.016
    SMOKE100           0.135      0.055      2.454      0.014

 AGE55_64 WITH
    SEX                0.004      0.002      1.572      0.116

 AGE65_BI WITH
    SEX                0.002      0.003      0.623      0.533
    AGE55_64          -0.127      0.002    -54.781      0.000

 BLACK4   WITH
    SEX               -0.005      0.002     -2.739      0.006
    AGE55_64           0.003      0.002      1.763      0.078
    AGE65_BI          -0.009      0.002     -3.861      0.000

 OTHER4   WITH
    SEX                0.002      0.002      1.344      0.179
    AGE55_64           0.002      0.001      1.576      0.115
    AGE65_BI          -0.007      0.001     -5.754      0.000
    BLACK4            -0.008      0.001    -12.850      0.000

 HISP4    WITH
    SEX               -0.005      0.002     -2.001      0.045
    AGE55_64           0.004      0.003      1.400      0.162
    AGE65_BI          -0.013      0.002     -5.215      0.000
    BLACK4            -0.014      0.001    -11.952      0.000
    OTHER4            -0.007      0.001     -9.733      0.000

 NOHS     WITH
    SEX                0.003      0.003      1.089      0.276
    AGE55_64           0.001      0.002      0.320      0.749
    AGE65_BI          -0.006      0.003     -2.290      0.022
    BLACK4             0.011      0.002      5.993      0.000
    OTHER4             0.000      0.001      0.346      0.729
    HISP4              0.034      0.004      8.929      0.000

 HSGRAD   WITH
    SEX               -0.003      0.002     -1.268      0.205
    AGE55_64           0.003      0.002      1.267      0.205
    AGE65_BI          -0.001      0.002     -0.420      0.674
    BLACK4             0.003      0.002      1.502      0.133
    OTHER4            -0.001      0.001     -0.897      0.370
    HISP4             -0.010      0.002     -5.746      0.000
    NOHS              -0.066      0.002    -28.377      0.000

 SOMECOLL WITH
    SEX               -0.004      0.003     -1.211      0.226
    AGE55_64           0.004      0.002      1.896      0.058
    AGE65_BI          -0.002      0.003     -0.830      0.406
    BLACK4            -0.004      0.002     -2.073      0.038
    OTHER4            -0.003      0.001     -2.627      0.009
    HISP4             -0.014      0.002     -5.889      0.000
    NOHS              -0.066      0.001    -44.991      0.000
    HSGRAD            -0.088      0.002    -46.384      0.000

 INC15    WITH
    SEX               -0.012      0.003     -4.256      0.000
    AGE55_64           0.009      0.003      3.738      0.000
    AGE65_BI          -0.023      0.002    -10.917      0.000
    BLACK4             0.009      0.002      5.398      0.000
    OTHER4             0.002      0.001      1.264      0.206
    HISP4              0.019      0.003      6.040      0.000
    NOHS               0.041      0.002     17.287      0.000
    HSGRAD             0.005      0.002      2.409      0.016
    SOMECOLL          -0.018      0.002     -8.480      0.000

 INC1525  WITH
    SEX               -0.007      0.002     -3.090      0.002
    AGE55_64           0.004      0.002      1.746      0.081
    AGE65_BI           0.000      0.002     -0.167      0.867
    BLACK4             0.006      0.002      4.091      0.000
    OTHER4             0.000      0.001      0.384      0.701
    HISP4              0.005      0.002      2.324      0.020
    NOHS               0.017      0.002      7.206      0.000
    HSGRAD             0.014      0.002      7.240      0.000
    SOMECOLL          -0.009      0.002     -5.038      0.000
    INC15             -0.050      0.002    -27.622      0.000

 INC2550  WITH
    SEX                0.003      0.003      1.098      0.272
    AGE55_64          -0.008      0.002     -4.164      0.000
    AGE65_BI           0.029      0.003     11.662      0.000
    BLACK4             0.001      0.002      0.728      0.467
    OTHER4            -0.001      0.001     -0.777      0.437
    HISP4             -0.005      0.002     -3.272      0.001
    NOHS              -0.011      0.002     -4.892      0.000
    HSGRAD             0.008      0.002      4.317      0.000
    SOMECOLL           0.009      0.002      4.038      0.000
    INC15             -0.052      0.001    -35.014      0.000
    INC1525           -0.058      0.002    -31.888      0.000

 EMP_EMPL WITH
    SEX                0.009      0.004      2.549      0.011
    AGE55_64           0.038      0.003     12.918      0.000
    AGE65_BI          -0.108      0.003    -37.558      0.000
    BLACK4             0.001      0.003      0.257      0.797
    OTHER4             0.004      0.002      1.694      0.090
    HISP4              0.003      0.002      1.347      0.178
    NOHS              -0.008      0.003     -3.137      0.002
    HSGRAD            -0.007      0.003     -2.597      0.009
    SOMECOLL           0.005      0.002      2.052      0.040
    INC15             -0.018      0.003     -6.981      0.000
    INC1525           -0.017      0.002     -7.378      0.000
    INC2550           -0.008      0.002     -3.281      0.001

 EMP_UNEM WITH
    SEX               -0.023      0.002    -12.150      0.000
    AGE55_64           0.010      0.003      3.339      0.001
    AGE65_BI          -0.035      0.002    -15.965      0.000
    BLACK4             0.003      0.002      1.873      0.061
    OTHER4             0.002      0.002      1.008      0.313
    HISP4              0.011      0.003      4.207      0.000
    NOHS               0.019      0.002      8.213      0.000
    HSGRAD             0.006      0.002      2.783      0.005
    SOMECOLL          -0.011      0.002     -5.654      0.000
    INC15              0.033      0.003     10.034      0.000
    INC1525            0.007      0.002      2.987      0.003
    INC2550           -0.015      0.002     -6.552      0.000
    EMP_EMPL          -0.054      0.003    -21.097      0.000

 GENHLTH_ WITH
    SEX                0.001      0.002      0.578      0.563
    AGE55_64          -0.019      0.002     -7.777      0.000
    AGE65_BI           0.025      0.003      7.528      0.000
    BLACK4            -0.008      0.002     -4.181      0.000
    OTHER4             0.000      0.002     -0.288      0.773
    HISP4             -0.019      0.003     -6.395      0.000
    NOHS              -0.039      0.002    -15.955      0.000
    HSGRAD            -0.010      0.002     -5.050      0.000
    SOMECOLL           0.014      0.002      5.570      0.000
    INC15             -0.047      0.002    -20.760      0.000
    INC1525           -0.026      0.002    -12.146      0.000
    INC2550            0.010      0.002      4.051      0.000
    EMP_EMPL           0.022      0.003      7.945      0.000
    EMP_UNEM          -0.021      0.002     -9.648      0.000

 DRNKANY5 WITH
    SEX                0.033      0.003     13.035      0.000
    AGE55_64           0.000      0.003     -0.106      0.915
    AGE65_BI          -0.015      0.002     -6.435      0.000
    BLACK4            -0.002      0.002     -0.912      0.362
    OTHER4            -0.002      0.002     -1.093      0.274
    HISP4             -0.011      0.003     -3.510      0.000
    NOHS              -0.027      0.003    -10.644      0.000
    HSGRAD            -0.015      0.002     -6.763      0.000
    SOMECOLL           0.014      0.003      4.676      0.000
    INC15             -0.028      0.002    -11.658      0.000
    INC1525           -0.021      0.002     -9.281      0.000
    INC2550            0.001      0.002      0.359      0.719
    EMP_EMPL           0.029      0.003     11.165      0.000
    EMP_UNEM          -0.014      0.002     -7.633      0.000
    GENHLTH_           0.046      0.004     13.176      0.000

 SMOKE100 WITH
    SEX                0.032      0.003      9.070      0.000
    AGE55_64           0.013      0.002      6.039      0.000
    AGE65_BI          -0.014      0.002     -5.548      0.000
    BLACK4            -0.004      0.002     -2.111      0.035
    OTHER4             0.000      0.001     -0.266      0.790
    HISP4             -0.017      0.002     -6.611      0.000
    NOHS               0.008      0.003      2.985      0.003
    HSGRAD             0.012      0.002      4.887      0.000
    SOMECOLL           0.006      0.002      2.637      0.008
    INC15              0.013      0.002      5.691      0.000
    INC1525            0.008      0.002      3.809      0.000
    INC2550           -0.002      0.002     -0.708      0.479
    EMP_EMPL          -0.007      0.003     -2.533      0.011
    EMP_UNEM           0.004      0.003      1.354      0.176
    GENHLTH_          -0.022      0.002     -8.676      0.000
    DRNKANY5           0.017      0.003      6.911      0.000

 Means
    SEX                0.462      0.006     82.677      0.000
    AGE55_64           0.307      0.006     55.464      0.000
    AGE65_BI           0.412      0.010     42.296      0.000
    BLACK4             0.124      0.007     18.508      0.000
    OTHER4             0.061      0.004     16.537      0.000
    HISP4              0.116      0.009     13.329      0.000
    NOHS               0.221      0.005     40.967      0.000
    HSGRAD             0.297      0.007     40.346      0.000
    SOMECOLL           0.297      0.006     47.086      0.000
    INC15              0.214      0.006     37.458      0.000
    INC1525            0.238      0.006     37.214      0.000
    INC2550            0.250      0.005     48.015      0.000
    EMP_EMPL           0.362      0.008     43.131      0.000
    EMP_UNEM           0.183      0.006     31.975      0.000
    GENHLTH_           0.479      0.006     75.340      0.000
    DRNKANY5           0.397      0.008     52.277      0.000
    SMOKE100           0.587      0.007     87.928      0.000

 Intercepts
    DEP#1              0.498      0.117      4.270      0.000
    DEP#2             -0.461      0.117     -3.939      0.000

 Variances
    SEX                0.249      0.000    579.951      0.000
    AGE55_64           0.213      0.002     99.735      0.000
    AGE65_BI           0.242      0.002    141.702      0.000
    BLACK4             0.109      0.005     21.532      0.000
    OTHER4             0.058      0.003     17.750      0.000
    HISP4              0.102      0.007     15.359      0.000
    NOHS               0.172      0.003     57.340      0.000
    HSGRAD             0.209      0.003     69.279      0.000
    SOMECOLL           0.209      0.003     81.179      0.000
    INC15              0.166      0.004     47.064      0.000
    INC1525            0.179      0.003     60.185      0.000
    INC2550            0.187      0.003     74.297      0.000
    EMP_EMPL           0.215      0.003     81.661      0.000
    EMP_UNEM           0.131      0.004     33.114      0.000
    GENHLTH_           0.249      0.000    836.809      0.000
    DRNKANY5           0.240      0.002    153.818      0.000
    SMOKE100           0.242      0.001    210.179      0.000


LOGISTIC REGRESSION ODDS RATIO RESULTS

                                         (Est. - 1) Two-Tailed
                    Estimate       S.E.     / S.E.    P-Value

 DEP#1      ON
    SEX                0.828      0.054     -3.184      0.001
    AGE55_64           0.652      0.060     -5.798      0.000
    AGE65_BI           0.303      0.029    -23.871      0.000
    BLACK4             1.787      0.150      5.262      0.000
    OTHER4             1.423      0.192      2.202      0.028
    HISP4              1.702      0.167      4.205      0.000
    NOHS               1.704      0.152      4.634      0.000
    HSGRAD             1.262      0.106      2.469      0.014
    SOMECOLL           1.288      0.107      2.700      0.007
    INC15              3.038      0.333      6.130      0.000
    INC1525            2.168      0.182      6.407      0.000
    INC2550            1.530      0.150      3.530      0.000
    EMP_EMPL           0.462      0.049    -10.885      0.000
    EMP_UNEM           0.904      0.089     -1.081      0.280
    GENHLTH_           0.305      0.017    -41.795      0.000
    DRNKANY5           0.586      0.033    -12.421      0.000
    SMOKE100           1.069      0.056      1.237      0.216

 DEP#2      ON
    SEX                1.040      0.075      0.531      0.595
    AGE55_64           0.771      0.067     -3.418      0.001
    AGE65_BI           0.456      0.047    -11.463      0.000
    BLACK4             1.023      0.109      0.214      0.830
    OTHER4             1.239      0.199      1.200      0.230
    HISP4              1.266      0.155      1.710      0.087
    NOHS               1.060      0.116      0.520      0.603
    HSGRAD             1.008      0.094      0.084      0.933
    SOMECOLL           1.135      0.098      1.378      0.168
    INC15              2.184      0.240      4.943      0.000
    INC1525            2.018      0.188      5.419      0.000
    INC2550            1.631      0.126      5.003      0.000
    EMP_EMPL           0.748      0.068     -3.701      0.000
    EMP_UNEM           1.220      0.136      1.623      0.105
    GENHLTH_           0.485      0.026    -19.722      0.000
    DRNKANY5           0.850      0.057     -2.615      0.009
    SMOKE100           1.144      0.063      2.296      0.022


QUALITY OF NUMERICAL RESULTS

     Condition Number for the Information Matrix              0.578E-07
       (ratio of smallest to largest eigenvalue)


DIAGRAM INFORMATION

  Use View Diagram under the Diagram menu in the Mplus Editor to view the diagram.
  If running Mplus from the Mplus Diagrammer, the diagram opens automatically.

  Diagram output
    c:\users\tuk04132\onedrive - temple university\documents\lca brfss\multinomiallogisticregression_c3_041322_race4.dgm

     Beginning Time:  09:49:50
        Ending Time:  09:50:20
       Elapsed Time:  00:00:30



MUTHEN & MUTHEN
3463 Stoner Ave.
Los Angeles, CA  90066

Tel: (310) 391-9971
Fax: (310) 391-8971
Web: www.StatModel.com
Support: Support@StatModel.com

Copyright (c) 1998-2018 Muthen & Muthen
